Compiled jquery.js  (1ms)  (pid 13553)
Compiled jquery_ujs.js  (0ms)  (pid 13553)
Compiled jquery-ui.js  (3ms)  (pid 13553)
Compiled businesses/search.js  (164ms)  (pid 13553)
Compiled home.js  (1ms)  (pid 13553)
Compiled html5.js  (0ms)  (pid 13553)
Compiled jquery.dd.js  (0ms)  (pid 13553)
Compiled jquery.ezmark.min.js  (0ms)  (pid 13553)
Compiled users/other_score.js  (0ms)  (pid 13553)
Compiled application.js  (404ms)  (pid 13553)
Compiled bootstrap_and_overrides.css  (2ms)  (pid 13553)
Compiled businesses/search.css  (1ms)  (pid 13553)
Compiled dropdown.css  (0ms)  (pid 13553)
Compiled ezmark.css  (0ms)  (pid 13553)
Compiled home.css  (1ms)  (pid 13553)
Compiled ie.css  (0ms)  (pid 13553)
Compiled style.css  (0ms)  (pid 13553)
Compiled users/other_score.css  (1ms)  (pid 13553)
Compiled application.css  (271ms)  (pid 13553)
Compiled jquery.js  (2ms)  (pid 13553)
Compiled jquery_ujs.js  (0ms)  (pid 13553)
Compiled jquery-ui.js  (56ms)  (pid 13553)
Compiled businesses/search.js  (175ms)  (pid 13553)
Compiled home.js  (3ms)  (pid 13553)
Compiled html5.js  (0ms)  (pid 13553)
Compiled jquery.dd.js  (0ms)  (pid 13553)
Compiled jquery.ezmark.min.js  (0ms)  (pid 13553)
Compiled users/other_score.js  (1ms)  (pid 13553)
Compiled application.js  (315ms)  (pid 13553)
Compiled bootstrap_and_overrides.css  (3ms)  (pid 13553)
Compiled businesses/search.css  (2ms)  (pid 13553)
Compiled dropdown.css  (0ms)  (pid 13553)
Compiled ezmark.css  (0ms)  (pid 13553)
Compiled home.css  (1ms)  (pid 13553)
Compiled ie.css  (0ms)  (pid 13553)
Compiled style.css  (0ms)  (pid 13553)
Compiled users/other_score.css  (2ms)  (pid 13553)
Compiled application.css  (306ms)  (pid 13553)
